  [1m[35m (195.5ms)[0m  [1m[35mCREATE DATABASE "ACWarGame_development" ENCODING = 'unicode'[0m
  ↳ bin/rails:9
  [1m[35m (73.9ms)[0m  [1m[35mCREATE DATABASE "ACWarGame_test" ENCODING = 'unicode'[0m
  ↳ bin/rails:9
  [1m[35m (13.8ms)[0m  [1m[35mCREATE TABLE "schema_migrations" ("version" character varying NOT NULL PRIMARY KEY)[0m
  ↳ bin/rails:9
  [1m[35m (5.4ms)[0m  [1m[35mCREATE TABLE "ar_internal_metadata" ("key" character varying NOT NULL PRIMARY KEY, "value" character varying, "created_at" timestamp NOT NULL, "updated_at" timestamp NOT NULL)[0m
  ↳ bin/rails:9
  [1m[35m (1.1ms)[0m  [1m[34mSELECT pg_try_advisory_lock(8580116779303490820)[0m
  ↳ bin/rails:9
  [1m[35m (0.4ms)[0m  [1m[34mSELECT "schema_migrations"."version" FROM "schema_migrations" ORDER BY "schema_migrations"."version" ASC[0m
  ↳ bin/rails:9
Migrating to CreatePlayers (20220202142400)
  [1m[35m (0.2ms)[0m  [1m[34mSELECT pg_advisory_unlock(8580116779303490820)[0m
  ↳ bin/rails:9
  [1m[35m (0.1ms)[0m  [1m[34mSELECT pg_try_advisory_lock(8580116779303490820)[0m
  ↳ bin/rails:9
  [1m[35m (0.6ms)[0m  [1m[34mSELECT "schema_migrations"."version" FROM "schema_migrations" ORDER BY "schema_migrations"."version" ASC[0m
  ↳ bin/rails:9
Migrating to CreatePlayers (20220202142400)
  [1m[35m (0.1ms)[0m  [1m[35mBEGIN[0m
  ↳ bin/rails:9
  [1m[35m (10.8ms)[0m  [1m[35mCREATE TABLE "players" ("id" bigserial primary key, "name" character varying NOT NULL, "lifetime_wins" integer DEFAULT 0)[0m
  ↳ db/migrate/20220202142400_create_players.rb:3
  [1m[36mActiveRecord::SchemaMigration Create (0.8ms)[0m  [1m[32mINSERT INTO "schema_migrations" ("version") VALUES ($1) RETURNING "version"[0m  [["version", "20220202142400"]]
  ↳ bin/rails:9
  [1m[35m (7.2ms)[0m  [1m[35mCOMMIT[0m
  ↳ bin/rails:9
  [1m[36mActiveRecord::InternalMetadata Load (0.4ms)[0m  [1m[34mSELECT  "ar_internal_metadata".* FROM "ar_internal_metadata" WHERE "ar_internal_metadata"."key" = $1 LIMIT $2[0m  [["key", "environment"], ["LIMIT", 1]]
  ↳ bin/rails:9
  [1m[35m (0.1ms)[0m  [1m[35mBEGIN[0m
  ↳ bin/rails:9
  [1m[36mActiveRecord::InternalMetadata Create (0.9ms)[0m  [1m[32mINSERT INTO "ar_internal_metadata" ("key", "value", "created_at", "updated_at") VALUES ($1, $2, $3, $4) RETURNING "key"[0m  [["key", "environment"], ["value", "development"], ["created_at", "2022-02-02 14:27:10.472072"], ["updated_at", "2022-02-02 14:27:10.472072"]]
  ↳ bin/rails:9
  [1m[35m (0.3ms)[0m  [1m[35mCOMMIT[0m
  ↳ bin/rails:9
  [1m[35m (0.2ms)[0m  [1m[34mSELECT pg_advisory_unlock(8580116779303490820)[0m
  ↳ bin/rails:9
  [1m[35m (0.2ms)[0m  [1m[34mSELECT "schema_migrations"."version" FROM "schema_migrations" ORDER BY "schema_migrations"."version" ASC[0m
  ↳ bin/rails:9
  [1m[36mPlayer Load (0.6ms)[0m  [1m[34mSELECT "players".* FROM "players"[0m
  [1m[35m (0.1ms)[0m  [1m[35mBEGIN[0m
  [1m[36mPlayer Create (0.6ms)[0m  [1m[32mINSERT INTO "players" ("name") VALUES ($1) RETURNING "id"[0m  [["name", "Player 1"]]
  [1m[35m (0.4ms)[0m  [1m[35mCOMMIT[0m
  [1m[36mPlayer Load (11.5ms)[0m  [1m[34mSELECT "players".* FROM "players"[0m
  [1m[35m (0.3ms)[0m  [1m[35mBEGIN[0m
  [1m[36mPlayer Create (16.1ms)[0m  [1m[32mINSERT INTO "players" ("name") VALUES ($1) RETURNING "id"[0m  [["name", "Player 2"]]
  [1m[35m (0.7ms)[0m  [1m[35mCOMMIT[0m
  [1m[36mPlayer Load (0.5ms)[0m  [1m[34mSELECT "players".* FROM "players"[0m
Started GET "/api/game/new" for ::1 at 2022-02-02 11:02:50 -0500
  [1m[35m (0.7ms)[0m  [1m[34mSELECT "schema_migrations"."version" FROM "schema_migrations" ORDER BY "schema_migrations"."version" ASC[0m
  ↳ /Users/george/.rbenv/versions/2.5.1/lib/ruby/gems/2.5.0/gems/activerecord-5.2.6/lib/active_record/log_subscriber.rb:98
Processing by Api::GameController#new as JSON
Completed 500 Internal Server Error in 8ms (ActiveRecord: 0.0ms)



ActionView::MissingTemplate - Missing template api/game/cards, application/cards with {:locale=>[:en], :formats=>[:json], :variants=>[], :handlers=>[:raw, :erb, :html, :builder, :ruby, :coffee, :jbuilder]}. Searched in:
  * "/Users/george/Desktop/ACWarGame/app/views":
  app/controllers/api/game_controller.rb:15:in `new'

Started GET "/api/game/new" for ::1 at 2022-02-02 11:04:39 -0500
Processing by Api::GameController#new as JSON
  Rendering api/game/cards.json.jbuilder
  Rendered api/game/cards.json.jbuilder (5.1ms)
Completed 500 Internal Server Error in 15ms (ActiveRecord: 0.0ms)



NoMethodError - undefined method `map' for 2:Integer
Did you mean?  tap:
  app/views/api/game/cards.json.jbuilder:2:in `block in _app_views_api_game_cards_json_jbuilder__937712291680287214_70325978785160'
  app/views/api/game/cards.json.jbuilder:1:in `_app_views_api_game_cards_json_jbuilder__937712291680287214_70325978785160'
  app/controllers/api/game_controller.rb:15:in `new'

Started GET "/api/game/new" for ::1 at 2022-02-02 11:04:55 -0500
Processing by Api::GameController#new as JSON
  Rendering api/game/cards.json.jbuilder
  Rendered api/game/cards.json.jbuilder (7.1ms)
Completed 500 Internal Server Error in 19ms (ActiveRecord: 0.0ms)



TypeError - 2 is not a symbol nor a string:
  app/views/api/game/cards.json.jbuilder:3:in `block (2 levels) in _app_views_api_game_cards_json_jbuilder__937712291680287214_70325436147460'
  app/views/api/game/cards.json.jbuilder:2:in `block in _app_views_api_game_cards_json_jbuilder__937712291680287214_70325436147460'
  app/views/api/game/cards.json.jbuilder:1:in `_app_views_api_game_cards_json_jbuilder__937712291680287214_70325436147460'
  app/controllers/api/game_controller.rb:15:in `new'

Started GET "/api/game/new" for ::1 at 2022-02-02 11:05:23 -0500
Processing by Api::GameController#new as JSON
  Rendering api/game/cards.json.jbuilder
  Rendered api/game/cards.json.jbuilder (3.5ms)
Completed 500 Internal Server Error in 11ms (ActiveRecord: 0.0ms)



TypeError - 2 is not a symbol nor a string:
  app/views/api/game/cards.json.jbuilder:3:in `block (2 levels) in _app_views_api_game_cards_json_jbuilder__937712291680287214_70325978243280'
  app/views/api/game/cards.json.jbuilder:2:in `block in _app_views_api_game_cards_json_jbuilder__937712291680287214_70325978243280'
  app/views/api/game/cards.json.jbuilder:1:in `_app_views_api_game_cards_json_jbuilder__937712291680287214_70325978243280'
  app/controllers/api/game_controller.rb:15:in `new'

Started GET "/api/game/new" for ::1 at 2022-02-02 11:05:54 -0500
Processing by Api::GameController#new as JSON
  Rendering api/game/cards.json.jbuilder
  Rendered api/game/cards.json.jbuilder (4.9ms)
Completed 500 Internal Server Error in 30ms (ActiveRecord: 0.0ms)



NoMethodError - undefined method `c' for [2, "heart"]:Array:
  app/views/api/game/cards.json.jbuilder:3:in `block (2 levels) in _app_views_api_game_cards_json_jbuilder__937712291680287214_70325300664900'
  app/views/api/game/cards.json.jbuilder:2:in `block in _app_views_api_game_cards_json_jbuilder__937712291680287214_70325300664900'
  app/views/api/game/cards.json.jbuilder:1:in `_app_views_api_game_cards_json_jbuilder__937712291680287214_70325300664900'
  app/controllers/api/game_controller.rb:15:in `new'

Started GET "/api/game/new" for ::1 at 2022-02-02 11:06:08 -0500
Processing by Api::GameController#new as JSON
  Rendering api/game/cards.json.jbuilder
  Rendered api/game/cards.json.jbuilder (3.9ms)
Completed 500 Internal Server Error in 12ms (ActiveRecord: 0.0ms)



NoMethodError - undefined method `c' for :card:Symbol:
  app/views/api/game/cards.json.jbuilder:3:in `block (2 levels) in _app_views_api_game_cards_json_jbuilder__937712291680287214_70325436872180'
  app/views/api/game/cards.json.jbuilder:2:in `block in _app_views_api_game_cards_json_jbuilder__937712291680287214_70325436872180'
  app/views/api/game/cards.json.jbuilder:1:in `_app_views_api_game_cards_json_jbuilder__937712291680287214_70325436872180'
  app/controllers/api/game_controller.rb:15:in `new'

Started GET "/api/game/new" for ::1 at 2022-02-02 11:10:55 -0500
Processing by Api::GameController#new as JSON
  Rendering api/game/cards.json.jbuilder
  Rendered api/game/cards.json.jbuilder (0.6ms)
Completed 200 OK in 9ms (Views: 8.8ms | ActiveRecord: 0.0ms)


Started GET "/api/game/new" for ::1 at 2022-02-02 11:14:12 -0500
Processing by Api::GameController#new as JSON
  Rendering api/game/cards.json.jbuilder
  Rendered api/game/cards.json.jbuilder (0.6ms)
Completed 200 OK in 10ms (Views: 9.8ms | ActiveRecord: 0.0ms)


Started GET "/api/game/new" for ::1 at 2022-02-02 11:14:15 -0500
Processing by Api::GameController#new as JSON
  Rendering api/game/cards.json.jbuilder
  Rendered api/game/cards.json.jbuilder (0.5ms)
Completed 200 OK in 8ms (Views: 8.2ms | ActiveRecord: 0.0ms)


Started GET "/api/game/new" for ::1 at 2022-02-02 11:14:51 -0500
Processing by Api::GameController#new as JSON
  Rendering api/game/cards.json.jbuilder
  Rendered api/game/cards.json.jbuilder (0.4ms)
Completed 200 OK in 8ms (Views: 7.9ms | ActiveRecord: 0.0ms)


Started GET "/api/game/new" for ::1 at 2022-02-02 11:14:53 -0500
Processing by Api::GameController#new as JSON
  Rendering api/game/cards.json.jbuilder
  Rendered api/game/cards.json.jbuilder (0.3ms)
Completed 200 OK in 11ms (Views: 11.0ms | ActiveRecord: 0.0ms)


Started GET "/api/game/new" for ::1 at 2022-02-02 11:15:19 -0500
Processing by Api::GameController#new as JSON
  Rendering api/game/cards.json.jbuilder
  Rendered api/game/cards.json.jbuilder (0.3ms)
Completed 200 OK in 8ms (Views: 7.4ms | ActiveRecord: 0.0ms)


Started GET "/api/game/new" for ::1 at 2022-02-02 11:17:43 -0500
Processing by Api::GameController#new as JSON
  Rendering api/game/cards.json.jbuilder
  Rendered api/game/cards.json.jbuilder (0.3ms)
Completed 200 OK in 8ms (Views: 8.1ms | ActiveRecord: 0.0ms)


Started GET "/api/game/new" for ::1 at 2022-02-02 11:18:55 -0500
Processing by Api::GameController#new as JSON
  Rendering api/game/cards.json.jbuilder
  Rendered api/game/cards.json.jbuilder (0.3ms)
Completed 200 OK in 360420ms (Views: 9.5ms | ActiveRecord: 0.0ms)


Started GET "/api/players" for ::1 at 2022-02-02 11:29:33 -0500
Processing by Api::PlayersController#index as JSON
  Rendering api/players/index.json.jbuilder
  [1m[36mPlayer Load (0.7ms)[0m  [1m[34mSELECT "players".* FROM "players"[0m
  ↳ app/views/api/players/index.json.jbuilder:1
  Rendered api/players/index.json.jbuilder (12.2ms)
Completed 200 OK in 23ms (Views: 13.5ms | ActiveRecord: 7.3ms)


Started GET "/api/players" for ::1 at 2022-02-02 11:30:16 -0500
Processing by Api::PlayersController#index as JSON
  Rendering api/players/index.json.jbuilder
  [1m[36mPlayer Load (0.4ms)[0m  [1m[34mSELECT "players".* FROM "players"[0m
  ↳ app/views/api/players/index.json.jbuilder:1
  Rendered api/players/index.json.jbuilder (1.4ms)
Completed 200 OK in 9ms (Views: 8.1ms | ActiveRecord: 0.4ms)


Started GET "/api/players" for ::1 at 2022-02-02 11:31:26 -0500
Processing by Api::PlayersController#index as JSON
  Rendering api/players/index.json.jbuilder
  [1m[36mPlayer Load (0.4ms)[0m  [1m[34mSELECT "players".* FROM "players"[0m
  ↳ app/views/api/players/index.json.jbuilder:1
  Rendered api/players/index.json.jbuilder (1.4ms)
Completed 200 OK in 7ms (Views: 6.9ms | ActiveRecord: 0.4ms)


Started PATCH "/api/players/1" for ::1 at 2022-02-02 11:33:34 -0500
Processing by Api::PlayersController#update as JSON
  Parameters: {"id"=>"1"}
Can't verify CSRF token authenticity.
Completed 422 Unprocessable Entity in 1ms (ActiveRecord: 0.0ms)



ActionController::InvalidAuthenticityToken - ActionController::InvalidAuthenticityToken:

Started PATCH "/api/players/1" for ::1 at 2022-02-02 11:35:09 -0500
Processing by Api::PlayersController#update as JSON
  Parameters: {"id"=>"1"}
  [1m[36mPlayer Load (0.4ms)[0m  [1m[34mSELECT  "players".* FROM "players" WHERE "players"."id" = $1 LIMIT $2[0m  [["id", 1], ["LIMIT", 1]]
  ↳ app/controllers/api/players_controller.rb:11
Completed 500 Internal Server Error in 25ms (ActiveRecord: 16.1ms)



ArgumentError - wrong number of arguments (given 0, expected 1):
  app/controllers/api/players_controller.rb:13:in `update'

Started PATCH "/api/players/1?player[name]=%22Player%201%22" for ::1 at 2022-02-02 11:36:06 -0500
Processing by Api::PlayersController#update as JSON
  Parameters: {"player"=>{"name"=>"\"Player 1\""}, "id"=>"1"}
  [1m[36mPlayer Load (0.5ms)[0m  [1m[34mSELECT  "players".* FROM "players" WHERE "players"."id" = $1 LIMIT $2[0m  [["id", 1], ["LIMIT", 1]]
  ↳ app/controllers/api/players_controller.rb:11
Completed 500 Internal Server Error in 2ms (ActiveRecord: 0.5ms)



ArgumentError - wrong number of arguments (given 0, expected 1):
  app/controllers/api/players_controller.rb:13:in `update'

Started PATCH "/api/players/1?player[name]=%22Player%201%22" for ::1 at 2022-02-02 11:37:35 -0500
Processing by Api::PlayersController#update as JSON
  Parameters: {"player"=>{"name"=>"\"Player 1\""}, "id"=>"1"}
  [1m[36mPlayer Load (0.4ms)[0m  [1m[34mSELECT  "players".* FROM "players" WHERE "players"."id" = $1 LIMIT $2[0m  [["id", 1], ["LIMIT", 1]]
  ↳ app/controllers/api/players_controller.rb:12
Completed 500 Internal Server Error in 189410ms (ActiveRecord: 8.7ms)



ArgumentError - wrong number of arguments (given 0, expected 1):
  app/controllers/api/players_controller.rb:16:in `update'

Started PATCH "/api/players/1?player[name]=%22Player%201%22" for ::1 at 2022-02-02 11:42:58 -0500
  [1m[35m (1.2ms)[0m  [1m[34mSELECT "schema_migrations"."version" FROM "schema_migrations" ORDER BY "schema_migrations"."version" ASC[0m
  ↳ /Users/george/.rbenv/versions/2.5.1/lib/ruby/gems/2.5.0/gems/activerecord-5.2.6/lib/active_record/log_subscriber.rb:98
Processing by Api::PlayersController#update as JSON
  Parameters: {"player"=>{"name"=>"\"Player 1\""}, "id"=>"1"}
  [1m[36mPlayer Load (0.7ms)[0m  [1m[34mSELECT  "players".* FROM "players" WHERE "players"."id" = $1 LIMIT $2[0m  [["id", 1], ["LIMIT", 1]]
  ↳ app/controllers/api/players_controller.rb:12
  [1m[35m (0.5ms)[0m  [1m[35mBEGIN[0m
  ↳ app/controllers/api/players_controller.rb:16
  [1m[36mPlayer Update (6.3ms)[0m  [1m[33mUPDATE "players" SET "name" = $1, "lifetime_wins" = $2 WHERE "players"."id" = $3[0m  [["name", "\"Player 1\""], ["lifetime_wins", 1], ["id", 1]]
  ↳ app/controllers/api/players_controller.rb:16
  [1m[35m (0.5ms)[0m  [1m[35mCOMMIT[0m
  ↳ app/controllers/api/players_controller.rb:16
  Rendering api/players/info.json.jbuilder
  Rendered api/players/info.json.jbuilder (0.4ms)
Completed 200 OK in 34634ms (Views: 24.5ms | ActiveRecord: 26.9ms)


Started PATCH "/api/players/1?player[name]=Player%201" for ::1 at 2022-02-02 11:43:52 -0500
Processing by Api::PlayersController#update as JSON
  Parameters: {"player"=>{"name"=>"Player 1"}, "id"=>"1"}
  [1m[36mPlayer Load (0.3ms)[0m  [1m[34mSELECT  "players".* FROM "players" WHERE "players"."id" = $1 LIMIT $2[0m  [["id", 1], ["LIMIT", 1]]
  ↳ app/controllers/api/players_controller.rb:12
  [1m[35m (0.4ms)[0m  [1m[35mBEGIN[0m
  ↳ app/controllers/api/players_controller.rb:16
  [1m[36mPlayer Update (2.2ms)[0m  [1m[33mUPDATE "players" SET "lifetime_wins" = $1, "name" = $2 WHERE "players"."id" = $3[0m  [["lifetime_wins", 2], ["name", "Player 1"], ["id", 1]]
  ↳ app/controllers/api/players_controller.rb:16
  [1m[35m (0.5ms)[0m  [1m[35mCOMMIT[0m
  ↳ app/controllers/api/players_controller.rb:16
  Rendering api/players/info.json.jbuilder
  Rendered api/players/info.json.jbuilder (0.4ms)
Completed 200 OK in 6331ms (Views: 8.5ms | ActiveRecord: 9.9ms)


  [1m[35m (0.7ms)[0m  [1m[34mSELECT "schema_migrations"."version" FROM "schema_migrations" ORDER BY "schema_migrations"."version" ASC[0m
  ↳ bin/rails:9
  [1m[35m (0.3ms)[0m  [1m[34mSELECT "ar_internal_metadata"."value" FROM "ar_internal_metadata" WHERE "ar_internal_metadata"."key" = $1[0m  [["key", "environment"]]
  ↳ bin/rails:9
  [1m[35m (0.1ms)[0m  [1m[34mSELECT "schema_migrations"."version" FROM "schema_migrations" ORDER BY "schema_migrations"."version" ASC[0m
  ↳ bin/rails:9
  [1m[35m (0.1ms)[0m  [1m[34mSELECT "ar_internal_metadata"."value" FROM "ar_internal_metadata" WHERE "ar_internal_metadata"."key" = $1[0m  [["key", "environment"]]
  ↳ bin/rails:9
  [1m[35m (0.1ms)[0m  [1m[34mSELECT "schema_migrations"."version" FROM "schema_migrations" ORDER BY "schema_migrations"."version" ASC[0m
  ↳ bin/rails:9
  [1m[35m (0.2ms)[0m  [1m[34mSELECT "ar_internal_metadata"."value" FROM "ar_internal_metadata" WHERE "ar_internal_metadata"."key" = $1[0m  [["key", "environment"]]
  ↳ bin/rails:9
  [1m[35m (8055.1ms)[0m  [1m[35mDROP DATABASE IF EXISTS "ACWarGame_development"[0m
  ↳ bin/rails:9
  [1m[35m (0.5ms)[0m  [1m[34mSELECT "schema_migrations"."version" FROM "schema_migrations" ORDER BY "schema_migrations"."version" ASC[0m
  ↳ bin/rails:9
  [1m[35m (0.3ms)[0m  [1m[34mSELECT "ar_internal_metadata"."value" FROM "ar_internal_metadata" WHERE "ar_internal_metadata"."key" = $1[0m  [["key", "environment"]]
  ↳ bin/rails:9
  [1m[35m (0.2ms)[0m  [1m[34mSELECT "schema_migrations"."version" FROM "schema_migrations" ORDER BY "schema_migrations"."version" ASC[0m
  ↳ bin/rails:9
  [1m[35m (0.2ms)[0m  [1m[34mSELECT "ar_internal_metadata"."value" FROM "ar_internal_metadata" WHERE "ar_internal_metadata"."key" = $1[0m  [["key", "environment"]]
  ↳ bin/rails:9
  [1m[35m (0.2ms)[0m  [1m[34mSELECT "schema_migrations"."version" FROM "schema_migrations" ORDER BY "schema_migrations"."version" ASC[0m
  ↳ bin/rails:9
  [1m[35m (0.2ms)[0m  [1m[34mSELECT "ar_internal_metadata"."value" FROM "ar_internal_metadata" WHERE "ar_internal_metadata"."key" = $1[0m  [["key", "environment"]]
  ↳ bin/rails:9
  [1m[35m (8272.2ms)[0m  [1m[35mDROP DATABASE IF EXISTS "ACWarGame_development"[0m
  ↳ bin/rails:9
  [1m[35m (0.9ms)[0m  [1m[34mSELECT "schema_migrations"."version" FROM "schema_migrations" ORDER BY "schema_migrations"."version" ASC[0m
  ↳ bin/rails:9
  [1m[35m (0.3ms)[0m  [1m[34mSELECT "ar_internal_metadata"."value" FROM "ar_internal_metadata" WHERE "ar_internal_metadata"."key" = $1[0m  [["key", "environment"]]
  ↳ bin/rails:9
  [1m[35m (0.1ms)[0m  [1m[34mSELECT "schema_migrations"."version" FROM "schema_migrations" ORDER BY "schema_migrations"."version" ASC[0m
  ↳ bin/rails:9
  [1m[35m (0.1ms)[0m  [1m[34mSELECT "ar_internal_metadata"."value" FROM "ar_internal_metadata" WHERE "ar_internal_metadata"."key" = $1[0m  [["key", "environment"]]
  ↳ bin/rails:9
  [1m[35m (0.1ms)[0m  [1m[34mSELECT "schema_migrations"."version" FROM "schema_migrations" ORDER BY "schema_migrations"."version" ASC[0m
  ↳ bin/rails:9
  [1m[35m (0.1ms)[0m  [1m[34mSELECT "ar_internal_metadata"."value" FROM "ar_internal_metadata" WHERE "ar_internal_metadata"."key" = $1[0m  [["key", "environment"]]
  ↳ bin/rails:9
  [1m[35m (78.1ms)[0m  [1m[35mDROP DATABASE IF EXISTS "ACWarGame_development"[0m
  ↳ bin/rails:9
  [1m[35m (54.4ms)[0m  [1m[35mDROP DATABASE IF EXISTS "ACWarGame_test"[0m
  ↳ bin/rails:9
  [1m[35m (118.3ms)[0m  [1m[35mCREATE DATABASE "ACWarGame_development" ENCODING = 'unicode'[0m
  ↳ bin/rails:9
  [1m[35m (99.0ms)[0m  [1m[35mCREATE DATABASE "ACWarGame_test" ENCODING = 'unicode'[0m
  ↳ bin/rails:9
  [1m[35mSQL (2.3ms)[0m  [1m[35mCREATE EXTENSION IF NOT EXISTS "plpgsql"[0m
  ↳ db/schema.rb:16
  [1m[35m (16.9ms)[0m  [1m[35mDROP TABLE IF EXISTS "players" CASCADE[0m
  ↳ db/schema.rb:18
  [1m[35m (8.2ms)[0m  [1m[35mCREATE TABLE "players" ("id" bigserial primary key, "name" character varying NOT NULL, "lifetime_wins" integer DEFAULT 0)[0m
  ↳ db/schema.rb:18
  [1m[35m (3.0ms)[0m  [1m[35mCREATE TABLE "schema_migrations" ("version" character varying NOT NULL PRIMARY KEY)[0m
  ↳ db/schema.rb:13
  [1m[35m (0.6ms)[0m  [1m[34mSELECT "schema_migrations"."version" FROM "schema_migrations" ORDER BY "schema_migrations"."version" ASC[0m
  ↳ db/schema.rb:13
  [1m[35m (0.7ms)[0m  [1m[32mINSERT INTO "schema_migrations" (version) VALUES (20220202142400)[0m
  ↳ db/schema.rb:13
  [1m[35m (3.0ms)[0m  [1m[35mCREATE TABLE "ar_internal_metadata" ("key" character varying NOT NULL PRIMARY KEY, "value" character varying, "created_at" timestamp NOT NULL, "updated_at" timestamp NOT NULL)[0m
  ↳ db/schema.rb:13
  [1m[36mActiveRecord::InternalMetadata Load (0.6ms)[0m  [1m[34mSELECT  "ar_internal_metadata".* FROM "ar_internal_metadata" WHERE "ar_internal_metadata"."key" = $1 LIMIT $2[0m  [["key", "environment"], ["LIMIT", 1]]
  ↳ db/schema.rb:13
  [1m[35m (0.2ms)[0m  [1m[35mBEGIN[0m
  ↳ db/schema.rb:13
  [1m[36mActiveRecord::InternalMetadata Create (0.7ms)[0m  [1m[32mINSERT INTO "ar_internal_metadata" ("key", "value", "created_at", "updated_at") VALUES ($1, $2, $3, $4) RETURNING "key"[0m  [["key", "environment"], ["value", "development"], ["created_at", "2022-02-02 16:50:49.151119"], ["updated_at", "2022-02-02 16:50:49.151119"]]
  ↳ db/schema.rb:13
  [1m[35m (0.4ms)[0m  [1m[35mCOMMIT[0m
  ↳ db/schema.rb:13
  [1m[36mActiveRecord::InternalMetadata Load (17.2ms)[0m  [1m[34mSELECT  "ar_internal_metadata".* FROM "ar_internal_metadata" WHERE "ar_internal_metadata"."key" = $1 LIMIT $2[0m  [["key", "environment"], ["LIMIT", 1]]
  ↳ bin/rails:9
  [1m[35m (0.1ms)[0m  [1m[35mBEGIN[0m
  ↳ bin/rails:9
  [1m[35m (0.1ms)[0m  [1m[35mCOMMIT[0m
  ↳ bin/rails:9
  [1m[35mSQL (0.5ms)[0m  [1m[35mCREATE EXTENSION IF NOT EXISTS "plpgsql"[0m
  ↳ db/schema.rb:16
  [1m[35m (0.4ms)[0m  [1m[35mDROP TABLE IF EXISTS "players" CASCADE[0m
  ↳ db/schema.rb:18
  [1m[35m (24.6ms)[0m  [1m[35mCREATE TABLE "players" ("id" bigserial primary key, "name" character varying NOT NULL, "lifetime_wins" integer DEFAULT 0)[0m
  ↳ db/schema.rb:18
  [1m[35m (2.8ms)[0m  [1m[35mCREATE TABLE "schema_migrations" ("version" character varying NOT NULL PRIMARY KEY)[0m
  ↳ db/schema.rb:13
  [1m[35m (0.6ms)[0m  [1m[34mSELECT "schema_migrations"."version" FROM "schema_migrations" ORDER BY "schema_migrations"."version" ASC[0m
  ↳ db/schema.rb:13
  [1m[35m (0.6ms)[0m  [1m[32mINSERT INTO "schema_migrations" (version) VALUES (20220202142400)[0m
  ↳ db/schema.rb:13
  [1m[35m (3.7ms)[0m  [1m[35mCREATE TABLE "ar_internal_metadata" ("key" character varying NOT NULL PRIMARY KEY, "value" character varying, "created_at" timestamp NOT NULL, "updated_at" timestamp NOT NULL)[0m
  ↳ db/schema.rb:13
  [1m[36mActiveRecord::InternalMetadata Load (0.3ms)[0m  [1m[34mSELECT  "ar_internal_metadata".* FROM "ar_internal_metadata" WHERE "ar_internal_metadata"."key" = $1 LIMIT $2[0m  [["key", "environment"], ["LIMIT", 1]]
  ↳ db/schema.rb:13
  [1m[35m (0.1ms)[0m  [1m[35mBEGIN[0m
  ↳ db/schema.rb:13
  [1m[36mActiveRecord::InternalMetadata Create (0.3ms)[0m  [1m[32mINSERT INTO "ar_internal_metadata" ("key", "value", "created_at", "updated_at") VALUES ($1, $2, $3, $4) RETURNING "key"[0m  [["key", "environment"], ["value", "development"], ["created_at", "2022-02-02 16:50:49.236790"], ["updated_at", "2022-02-02 16:50:49.236790"]]
  ↳ db/schema.rb:13
  [1m[35m (0.3ms)[0m  [1m[35mCOMMIT[0m
  ↳ db/schema.rb:13
  [1m[36mActiveRecord::InternalMetadata Load (0.2ms)[0m  [1m[34mSELECT  "ar_internal_metadata".* FROM "ar_internal_metadata" WHERE "ar_internal_metadata"."key" = $1 LIMIT $2[0m  [["key", "environment"], ["LIMIT", 1]]
  ↳ bin/rails:9
  [1m[35m (0.1ms)[0m  [1m[35mBEGIN[0m
  ↳ bin/rails:9
  [1m[36mActiveRecord::InternalMetadata Update (0.2ms)[0m  [1m[33mUPDATE "ar_internal_metadata" SET "value" = $1, "updated_at" = $2 WHERE "ar_internal_metadata"."key" = $3[0m  [["value", "test"], ["updated_at", "2022-02-02 16:50:49.239260"], ["key", "environment"]]
  ↳ bin/rails:9
  [1m[35m (0.3ms)[0m  [1m[35mCOMMIT[0m
  ↳ bin/rails:9
  [1m[35m (0.7ms)[0m  [1m[34mSELECT "schema_migrations"."version" FROM "schema_migrations" ORDER BY "schema_migrations"."version" ASC[0m
  ↳ bin/rails:9
  [1m[36mPlayer Load (0.5ms)[0m  [1m[34mSELECT "players".* FROM "players"[0m
  ↳ db/seeds.rb:9
  [1m[35m (0.1ms)[0m  [1m[35mBEGIN[0m
  ↳ db/seeds.rb:12
  [1m[36mPlayer Create (0.4ms)[0m  [1m[32mINSERT INTO "players" ("name") VALUES ($1) RETURNING "id"[0m  [["name", "Player 1"]]
  ↳ db/seeds.rb:12
  [1m[35m (0.2ms)[0m  [1m[35mCOMMIT[0m
  ↳ db/seeds.rb:12
  [1m[35m (0.1ms)[0m  [1m[35mBEGIN[0m
  ↳ db/seeds.rb:13
  [1m[36mPlayer Create (0.2ms)[0m  [1m[32mINSERT INTO "players" ("name") VALUES ($1) RETURNING "id"[0m  [["name", "Player 2"]]
  ↳ db/seeds.rb:13
  [1m[35m (0.2ms)[0m  [1m[35mCOMMIT[0m
  ↳ db/seeds.rb:13
  [1m[36mPlayer Load (0.6ms)[0m  [1m[34mSELECT "players".* FROM "players"[0m
